<?xml version="1.0" encoding="UTF-8"?>
<!-- Generated by org.testng.reporters.JUnitReportReporter -->
<testsuite skipped="0" hostname="DESKTOP-DREOH3D" name="com.amit.testcases.SignInTest" tests="1" failures="0" timestamp="20 Oct 2019 04:31:38 GMT" time="50.309" errors="0">
  <testcase name="signInTest" time="50.309" classname="com.amit.testcases.SignInTest"/>
</testsuite> <!-- com.amit.testcases.SignInTest -->
